<?xml version="1.0" encoding="UTF-8"?><testrun name="VendingMachineTest (1)" project="VendingMachineTest" tests="19" started="19" failures="1" errors="0" ignored="0">
  <testsuite name="edu.towson.cis.cosc442.project3.vendingmachine.VendingMachineTest" time="0.0">
    <testcase name="testInsertMoney_1" classname="edu.towson.cis.cosc442.project3.vendingmachine.VendingMachineTest" time="0.0"/>
    <testcase name="testInsertMoney_2" classname="edu.towson.cis.cosc442.project3.vendingmachine.VendingMachineTest" time="0.0"/>
    <testcase name="testMakePurchase_1" classname="edu.towson.cis.cosc442.project3.vendingmachine.VendingMachineTest" time="0.0"/>
    <testcase name="testMakePurchase_2" classname="edu.towson.cis.cosc442.project3.vendingmachine.VendingMachineTest" time="0.0"/>
    <testcase name="testMakePurchase_3" classname="edu.towson.cis.cosc442.project3.vendingmachine.VendingMachineTest" time="0.0"/>
    <testcase name="testMakePurchase_4" classname="edu.towson.cis.cosc442.project3.vendingmachine.VendingMachineTest" time="0.0"/>
    <testcase name="testReturnChange_1" classname="edu.towson.cis.cosc442.project3.vendingmachine.VendingMachineTest" time="0.0"/>
    <testcase name="testVendingMachine_1" classname="edu.towson.cis.cosc442.project3.vendingmachine.VendingMachineTest" time="0.0"/>
    <testcase name="testVendingMachine_2" classname="edu.towson.cis.cosc442.project3.vendingmachine.VendingMachineTest" time="0.0"/>
    <testcase name="testRemoveItem_1" classname="edu.towson.cis.cosc442.project3.vendingmachine.VendingMachineTest" time="0.0"/>
    <testcase name="testRemoveItem_2" classname="edu.towson.cis.cosc442.project3.vendingmachine.VendingMachineTest" time="0.0"/>
    <testcase name="testRemoveItem_3" classname="edu.towson.cis.cosc442.project3.vendingmachine.VendingMachineTest" time="0.0"/>
    <testcase name="testAddItem_1" classname="edu.towson.cis.cosc442.project3.vendingmachine.VendingMachineTest" time="0.0"/>
    <testcase name="testAddItem_2" classname="edu.towson.cis.cosc442.project3.vendingmachine.VendingMachineTest" time="0.0"/>
    <testcase name="testAddItem_3" classname="edu.towson.cis.cosc442.project3.vendingmachine.VendingMachineTest" time="0.0"/>
    <testcase name="testAddItem_4" classname="edu.towson.cis.cosc442.project3.vendingmachine.VendingMachineTest" time="0.0"/>
    <testcase name="testGetItem_1" classname="edu.towson.cis.cosc442.project3.vendingmachine.VendingMachineTest" time="0.0">
      <failure>java.lang.AssertionError: expected:&lt;edu.towson.cis.cosc442.project3.vendingmachine.VendingMachineItem@46fbb2c1&gt; but was:&lt;null&gt;
	at org.junit.Assert.fail(Assert.java:88)
	at org.junit.Assert.failNotEquals(Assert.java:834)
	at org.junit.Assert.assertEquals(Assert.java:118)
	at org.junit.Assert.assertEquals(Assert.java:144)
	at edu.towson.cis.cosc442.project3.vendingmachine.VendingMachineTest.testGetItem_1(VendingMachineTest.java:168)
	at sun.reflect.NativeMethodAccessorImpl.invoke0(Native Method)
	at sun.reflect.NativeMethodAccessorImpl.invoke(NativeMethodAccessorImpl.java:62)
	at sun.reflect.DelegatingMethodAccessorImpl.invoke(DelegatingMethodAccessorImpl.java:43)
	at java.lang.reflect.Method.invoke(Method.java:483)
	at org.junit.runners.model.FrameworkMethod$1.runReflectiveCall(FrameworkMethod.java:50)
	at org.junit.internal.runners.model.ReflectiveCallable.run(ReflectiveCallable.java:12)
	at org.junit.runners.model.FrameworkMethod.invokeExplosively(FrameworkMethod.java:47)
	at org.junit.internal.runners.statements.InvokeMethod.evaluate(InvokeMethod.java:17)
	at org.junit.internal.runners.statements.RunBefores.evaluate(RunBefores.java:26)
	at org.junit.internal.runners.statements.RunAfters.evaluate(RunAfters.java:27)
	at org.junit.runners.ParentRunner.runLeaf(ParentRunner.java:325)
	at org.junit.runners.BlockJUnit4ClassRunner.runChild(BlockJUnit4ClassRunner.java:78)
	at org.junit.runners.BlockJUnit4ClassRunner.runChild(BlockJUnit4ClassRunner.java:57)
	at org.junit.runners.ParentRunner$3.run(ParentRunner.java:290)
	at org.junit.runners.ParentRunner$1.schedule(ParentRunner.java:71)
	at org.junit.runners.ParentRunner.runChildren(ParentRunner.java:288)
	at org.junit.runners.ParentRunner.access$000(ParentRunner.java:58)
	at org.junit.runners.ParentRunner$2.evaluate(ParentRunner.java:268)
	at org.junit.runners.ParentRunner.run(ParentRunner.java:363)
	at org.eclipse.jdt.internal.junit4.runner.JUnit4TestReference.run(JUnit4TestReference.java:86)
	at org.eclipse.jdt.internal.junit.runner.TestExecution.run(TestExecution.java:38)
	at org.eclipse.jdt.internal.junit.runner.RemoteTestRunner.runTests(RemoteTestRunner.java:459)
	at org.eclipse.jdt.internal.junit.runner.RemoteTestRunner.runTests(RemoteTestRunner.java:678)
	at org.eclipse.jdt.internal.junit.runner.RemoteTestRunner.run(RemoteTestRunner.java:382)
	at org.eclipse.jdt.internal.junit.runner.RemoteTestRunner.main(RemoteTestRunner.java:192)

</failure>
    </testcase>
    <testcase name="testGetItem_2" classname="edu.towson.cis.cosc442.project3.vendingmachine.VendingMachineTest" time="0.0"/>
    <testcase name="testGetBalance_1" classname="edu.towson.cis.cosc442.project3.vendingmachine.VendingMachineTest" time="0.0"/>
  </testsuite>
</testrun>
